<?xml version="1.0" encoding="UTF-8"?>
<robot generator="Robot 6.0.2 (Python 3.10.4 on win32)" generated="20230129 13:26:27.756" rpa="false" schemaversion="3">
<suite id="s1" name="Api" source="C:\Users\vdi-student\PycharmProjects\API\api.robot">
<test id="s1-t1" name="GET_STATUS" line="6">
<kw name="GET" library="RequestsLibrary">
<var>${get_response}</var>
<arg>https://simple-books-api.glitch.me/status</arg>
<doc>Sends a GET request.</doc>
<msg timestamp="20230129 13:26:28.410" level="INFO">GET Request : url=https://simple-books-api.glitch.me/status 
 path_url=/status 
 headers={'User-Agent': 'python-requests/2.28.2', 'Accept-Encoding': 'gzip, deflate', 'Accept': '*/*', 'Connection': 'keep-alive'} 
 body=None 
 </msg>
<msg timestamp="20230129 13:26:28.410" level="INFO">GET Response : url=https://simple-books-api.glitch.me/status 
 status=200, reason=OK 
 headers={'Date': 'Sun, 29 Jan 2023 12:25:45 GMT', 'Content-Type': 'application/json; charset=utf-8', 'Content-Length': '15', 'Connection': 'keep-alive', 'x-powered-by': 'Express', 'etag': 'W/"f-v/Y1JusChTxrQUzPtNAKycooOTA"'} 
 body={"status":"OK"} 
 </msg>
<msg timestamp="20230129 13:26:28.410" level="INFO">${get_response} = &lt;Response [200]&gt;</msg>
<status status="PASS" starttime="20230129 13:26:27.916" endtime="20230129 13:26:28.410"/>
</kw>
<kw name="Log To Console" library="BuiltIn">
<arg>status ${get_response}</arg>
<doc>Logs the given message to the console.</doc>
<status status="PASS" starttime="20230129 13:26:28.410" endtime="20230129 13:26:28.410"/>
</kw>
<status status="PASS" starttime="20230129 13:26:27.916" endtime="20230129 13:26:28.410"/>
</test>
<test id="s1-t2" name="GET_BOOKS" line="9">
<kw name="GET" library="RequestsLibrary">
<var>${get_response}</var>
<arg>https://simple-books-api.glitch.me/books</arg>
<doc>Sends a GET request.</doc>
<msg timestamp="20230129 13:26:28.992" level="INFO">GET Request : url=https://simple-books-api.glitch.me/books 
 path_url=/books 
 headers={'User-Agent': 'python-requests/2.28.2', 'Accept-Encoding': 'gzip, deflate', 'Accept': '*/*', 'Connection': 'keep-alive'} 
 body=None 
 </msg>
<msg timestamp="20230129 13:26:28.992" level="INFO">GET Response : url=https://simple-books-api.glitch.me/books 
 status=200, reason=OK 
 headers={'Date': 'Sun, 29 Jan 2023 12:25:45 GMT', 'Content-Type': 'application/json; charset=utf-8', 'Content-Length': '417', 'Connection': 'keep-alive', 'x-powered-by': 'Express', 'etag': 'W/"1a1-MfqhfTYtZO2sguD1mJq8Vf41WjU"'} 
 body=[{"id":1,"name":"The Russian","type":"fiction","available":true},{"id":2,"name":"Just as I Am","type":"non-fiction","available":false},{"id":3,"name":"The Vanishing Half","type":"fiction","available":true},{"id":4,"name":"The Midnight Library","type":"fiction","available":true},{"id":5,"name":"Untamed","type":"non-fiction","available":true},{"id":6,"name":"Viscount Who Loved Me","type":"fiction","available":true}] 
 </msg>
<msg timestamp="20230129 13:26:28.992" level="INFO">${get_response} = &lt;Response [200]&gt;</msg>
<status status="PASS" starttime="20230129 13:26:28.410" endtime="20230129 13:26:28.992"/>
</kw>
<kw name="Log To Console" library="BuiltIn">
<arg>status ${get_response}</arg>
<doc>Logs the given message to the console.</doc>
<status status="PASS" starttime="20230129 13:26:28.992" endtime="20230129 13:26:28.997"/>
</kw>
<status status="PASS" starttime="20230129 13:26:28.410" endtime="20230129 13:26:28.997"/>
</test>
<test id="s1-t3" name="POST_REGISTRATION" line="12">
<kw name="Create Dictionary" library="BuiltIn">
<var>${register_json}</var>
<arg>clientName=Akii</arg>
<arg>clientEmail=Akii@example.com</arg>
<doc>Creates and returns a dictionary based on the given ``items``.</doc>
<msg timestamp="20230129 13:26:28.997" level="INFO">${register_json} = {'clientName': 'Akii', 'clientEmail': 'Akii@example.com'}</msg>
<status status="PASS" starttime="20230129 13:26:28.997" endtime="20230129 13:26:28.997"/>
</kw>
<kw name="POST" library="RequestsLibrary">
<var>${post_register_response}</var>
<arg>https://simple-books-api.glitch.me/api-clients/</arg>
<arg>json=${register_json}</arg>
<doc>Sends a POST request.</doc>
<msg timestamp="20230129 13:26:29.916" level="INFO">POST Request : url=https://simple-books-api.glitch.me/api-clients/ 
 path_url=/api-clients/ 
 headers={'User-Agent': 'python-requests/2.28.2', 'Accept-Encoding': 'gzip, deflate', 'Accept': '*/*', 'Connection': 'keep-alive', 'Content-Length': '57', 'Content-Type': 'application/json'} 
 body=b'{"clientName": "Akii", "clientEmail": "Akii@example.com"}' 
 </msg>
<msg timestamp="20230129 13:26:29.916" level="INFO">POST Response : url=https://simple-books-api.glitch.me/api-clients/ 
 status=201, reason=Created 
 headers={'Date': 'Sun, 29 Jan 2023 12:25:46 GMT', 'Content-Type': 'application/json; charset=utf-8', 'Content-Length': '82', 'Connection': 'keep-alive', 'x-powered-by': 'Express', 'etag': 'W/"52-ZHCjFtBr7Epo9kFonaJee05j2JE"'} 
 body={"accessToken":"b8942193cadc0ae3e44feb8d2b6cbe16be19b6b776c150982ed77958ebb1ba67"} 
 </msg>
<msg timestamp="20230129 13:26:29.921" level="INFO">${post_register_response} = &lt;Response [201]&gt;</msg>
<status status="PASS" starttime="20230129 13:26:28.997" endtime="20230129 13:26:29.921"/>
</kw>
<status status="PASS" starttime="20230129 13:26:28.997" endtime="20230129 13:26:29.922"/>
</test>
<test id="s1-t4" name="ORDER" line="16">
<kw name="Create Dictionary" library="BuiltIn">
<var>${headers}</var>
<arg>Content-Type=application/json</arg>
<arg>Authorization=Bearer ${token}</arg>
<doc>Creates and returns a dictionary based on the given ``items``.</doc>
<msg timestamp="20230129 13:26:29.922" level="INFO">${headers} = {'Content-Type': 'application/json', 'Authorization': 'Bearer 023b49dd123bfd82d66e7fff0c1cd47ae8470f7343fa13b6de0cb72656184703'}</msg>
<status status="PASS" starttime="20230129 13:26:29.922" endtime="20230129 13:26:29.922"/>
</kw>
<kw name="Create Dictionary" library="BuiltIn">
<var>${order_body}</var>
<arg>bookId=4</arg>
<arg>customerName=Kamil2</arg>
<doc>Creates and returns a dictionary based on the given ``items``.</doc>
<msg timestamp="20230129 13:26:29.922" level="INFO">${order_body} = {'bookId': '4', 'customerName': 'Kamil2'}</msg>
<status status="PASS" starttime="20230129 13:26:29.922" endtime="20230129 13:26:29.922"/>
</kw>
<kw name="POST" library="RequestsLibrary">
<var>${post_order_response}</var>
<arg>https://simple-books-api.glitch.me/orders</arg>
<arg>headers=${headers}</arg>
<arg>json=${order_body}</arg>
<doc>Sends a POST request.</doc>
<msg timestamp="20230129 13:26:30.525" level="INFO">POST Request : url=https://simple-books-api.glitch.me/orders 
 path_url=/orders 
 headers={'User-Agent': 'python-requests/2.28.2', 'Accept-Encoding': 'gzip, deflate', 'Accept': '*/*', 'Connection': 'keep-alive', 'Content-Type': 'application/json', 'Authorization': 'Bearer 023b49dd123bfd82d66e7fff0c1cd47ae8470f7343fa13b6de0cb72656184703', 'Content-Length': '41'} 
 body=b'{"bookId": "4", "customerName": "Kamil2"}' 
 </msg>
<msg timestamp="20230129 13:26:30.525" level="INFO">POST Response : url=https://simple-books-api.glitch.me/orders 
 status=201, reason=Created 
 headers={'Date': 'Sun, 29 Jan 2023 12:25:47 GMT', 'Content-Type': 'application/json; charset=utf-8', 'Content-Length': '50', 'Connection': 'keep-alive', 'x-powered-by': 'Express', 'etag': 'W/"32-FSklVwgB55DNUQOcOPG+WuBIb7M"'} 
 body={"created":true,"orderId":"gvw0XNNS71emHtY4v7xIu"} 
 </msg>
<msg timestamp="20230129 13:26:30.525" level="INFO">${post_order_response} = &lt;Response [201]&gt;</msg>
<status status="PASS" starttime="20230129 13:26:29.922" endtime="20230129 13:26:30.525"/>
</kw>
<status status="PASS" starttime="20230129 13:26:29.922" endtime="20230129 13:26:30.530"/>
</test>
<status status="PASS" starttime="20230129 13:26:27.761" endtime="20230129 13:26:30.530"/>
</suite>
<statistics>
<total>
<stat pass="4" fail="0" skip="0">All Tests</stat>
</total>
<tag>
</tag>
<suite>
<stat pass="4" fail="0" skip="0" id="s1" name="Api">Api</stat>
</suite>
</statistics>
<errors>
</errors>
</robot>
